<?xml version="1.0" encoding="UTF-8"?>
<testng-results skipped="0" failed="0" total="2" passed="2">
  <reporter-output>
  </reporter-output>
  <suite name="Suite" duration-ms="59861" started-at="2018-12-16T05:42:25Z" finished-at="2018-12-16T05:43:24Z">
    <groups>
      <group name="cucumber">
        <method signature="AbstractTestNGCucumberTests.feature(cucumber.api.testng.CucumberFeatureWrapper)[pri:0, instance:runner.Runner2@5a61f5df]" name="feature" class="cucumber.api.testng.AbstractTestNGCucumberTests"/>
        <method signature="AbstractTestNGCucumberTests.feature(cucumber.api.testng.CucumberFeatureWrapper)[pri:0, instance:runner.Runner@36f6e879]" name="feature" class="cucumber.api.testng.AbstractTestNGCucumberTests"/>
      </group> <!-- cucumber -->
    </groups>
    <test name="Test1" duration-ms="59861" started-at="2018-12-16T05:42:25Z" finished-at="2018-12-16T05:43:24Z">
      <class name="runner.Runner2">
        <test-method status="PASS" signature="setUpClass()[pri:0, instance:runner.Runner2@5a61f5df]" name="setUpClass" is-config="true" duration-ms="276" started-at="2018-12-16T11:12:25Z" finished-at="2018-12-16T11:12:25Z">
          <reporter-output>
          </reporter-output>
        </test-method> <!-- setUpClass -->
        <test-method status="PASS" signature="feature(cucumber.api.testng.CucumberFeatureWrapper)[pri:0, instance:runner.Runner2@5a61f5df]" name="feature" duration-ms="44522" started-at="2018-12-16T11:12:25Z" description="Runs Cucumber Feature" data-provider="features" finished-at="2018-12-16T11:13:10Z">
          <params>
            <param index="0">
              <value>
                <![CDATA[Google Search]]>
              </value>
            </param>
          </params>
          <reporter-output>
          </reporter-output>
        </test-method> <!-- feature -->
        <test-method status="PASS" signature="tearDownClass()[pri:0, instance:runner.Runner2@5a61f5df]" name="tearDownClass" is-config="true" duration-ms="3" started-at="2018-12-16T11:13:10Z" finished-at="2018-12-16T11:13:10Z">
          <reporter-output>
          </reporter-output>
        </test-method> <!-- tearDownClass -->
      </class> <!-- runner.Runner2 -->
      <class name="runner.Runner">
        <test-method status="PASS" signature="setUpClass()[pri:0, instance:runner.Runner@36f6e879]" name="setUpClass" is-config="true" duration-ms="275" started-at="2018-12-16T11:12:25Z" finished-at="2018-12-16T11:12:25Z">
          <reporter-output>
          </reporter-output>
        </test-method> <!-- setUpClass -->
        <test-method status="PASS" signature="feature(cucumber.api.testng.CucumberFeatureWrapper)[pri:0, instance:runner.Runner@36f6e879]" name="feature" duration-ms="59488" started-at="2018-12-16T11:12:25Z" description="Runs Cucumber Feature" data-provider="features" finished-at="2018-12-16T11:13:24Z">
          <params>
            <param index="0">
              <value>
                <![CDATA[Google Search]]>
              </value>
            </param>
          </params>
          <reporter-output>
          </reporter-output>
        </test-method> <!-- feature -->
        <test-method status="PASS" signature="tearDownClass()[pri:0, instance:runner.Runner@36f6e879]" name="tearDownClass" is-config="true" duration-ms="2" started-at="2018-12-16T11:13:24Z" finished-at="2018-12-16T11:13:24Z">
          <reporter-output>
          </reporter-output>
        </test-method> <!-- tearDownClass -->
      </class> <!-- runner.Runner -->
    </test> <!-- Test1 -->
  </suite> <!-- Suite -->
</testng-results>
